<?xml version="1.0" encoding="UTF-8"?>
<!-- Generated by org.testng.reporters.JUnitReportReporter -->
<testsuite hostname="Rita" failures="0" tests="1" name="appium_mobile.appiumBasic" time="53.170" errors="0" timestamp="2024-08-21T13:11:59 IST" skipped="0">
  <testcase classname="appium_mobile.appiumBasic" name="AppiumTest" time="53.170"/>
  <system-out/>
</testsuite> <!-- appium_mobile.appiumBasic -->
